nohup: ignoring input

> professional-service-hub@1.0.0 start
> node server.js

[dotenv@17.3.1] injecting env (6) from .env -- tip: 🤖 agentic secret storage: https://dotenvx.com/as2
[dotenv@17.3.1] injecting env (0) from .env -- tip: ⚙️  enable debug logging with { debug: true }
Setting up database tables...
[dotenv@17.3.1] injecting env (0) from .env -- tip: 🔐 prevent committing .env to code: https://dotenvx.com/precommit

=== LOADING ROUTES ===
Loading authRoutes...
[dotenv@17.3.1] injecting env (0) from .env -- tip: ⚙️  suppress all logs with { quiet: true }
  authRoutes loaded, type: function, constructor: Function
  ✓ authRoutes mounted to /api/auth
Loading serviceRoutes...
Loaded routes/serviceRoutes
  serviceRoutes loaded, type: function, constructor: Function
  ✓ serviceRoutes mounted to /api/services
Loading bookingRoutes...
  bookingRoutes loaded, type: function, constructor: Function
  ✓ bookingRoutes mounted to /api/bookings
Loading messagesRoutes...
  messagesRoutes loaded, type: function, constructor: Function
  ✓ messagesRoutes mounted to /api/messages
Loading reviewRoutes...
  reviewRoutes loaded, type: function, constructor: Function
  ✓ reviewRoutes mounted to /api/reviews
=== ROUTES LOADING COMPLETE ===

Server running on port 5000

=== ROUTES INFORMATION ===
app._router not yet initialized (will be created on first request)
✓ users table ready
✓ services table ready
✓ bookings table ready
✓ messages table ready
✓ reviews table ready
Database setup complete!
